<?xml version="1.0" encoding="UTF-8"?>
<testsuites name="ConsultarAfiliado" time="21.629" tests="1" failures="0" errors="0">
   <testsuite name="ConsultarAfiliado" tests="1" failures="0" errors="0" time="21.629" skipped="0" timestamp="2022-11-25 15:50:28" hostname="dimartinez - ANA-DTI-DIM-BNT.mutualser.org" id="Test Suites/ConsultarAfiliado">
      <properties>
         <property name="deviceName" value=""/>
         <property name="devicePlatform" value=""/>
         <property name="logFolder" value="C:\\Users\\dimartinez\\Katalon Studio\\Mercadeo_BDD\\Reports\\20221125_155025\\ConsultarAfiliado\\20221125_155026"/>
         <property name="logFiles" value="C:\\Users\\dimartinez\\Katalon Studio\\Mercadeo_BDD\\Reports\\20221125_155025\\ConsultarAfiliado\\20221125_155026\\execution0.log"/>
         <property name="attachments" value=""/>
         <property name="hostName" value="dimartinez - ANA-DTI-DIM-BNT.mutualser.org"/>
         <property name="os" value="Windows 10 64bit"/>
         <property name="katalonVersion" value="8.5.2.208"/>
         <property name="browser" value="Chrome 107.0.0.0"/>
         <property name="hostAddress" value="192.168.1.46"/>
         <property name="sessionId" value="9c549cee0f2bbfc6a4528fa311289c07"/>
         <property name="seleniumVersion" value="3.141.59"/>
         <property name="proxyInformation" value="ProxyInformation { proxyOption=NO_PROXY, proxyServerType=HTTP, username=, password=********, proxyServerAddress=, proxyServerPort=0, executionList=&quot;&quot;, isApplyToDesiredCapabilities=true }"/>
         <property name="platform" value="Windows 10"/>
      </properties>
      <testcase name="Test Cases/TC_ConsultarAfiliado" time="21.43" classname="Test Cases/TC_ConsultarAfiliado" status="PASSED">
         <system-out><![CDATA[2022-11-25 15:50:29 - [TEST_CASE][PASSED] - Test Cases/TC_ConsultarAfiliado: Test Cases/TC_ConsultarAfiliado

2022-11-25 15:50:29 - [TEST_STEP][PASSED] - runFeatureFile("Include/features/Login.feature"): Feature file: 'Include/features/Login.feature' was passed

2022-11-25 15:50:29 - [MESSAGE][INFO] - Starting run keyword runFeatureFile: 'Include/features/Login.feature' and extract report to folder: 'C:\Users\dimartinez\Katalon Studio\Mercadeo_BDD\Reports\20221125_155025\ConsultarAfiliado\20221125_155026/cucumber_report/1669409429436'...

2022-11-25 15:50:30 - [TEST_CASE][PASSED] - Start Test Case : SCENARIO Validacion inicio sesion con credenciales correctas: SCENARIO Validacion inicio sesion con credenciales correctas

2022-11-25 15:50:30 - [TEST_STEP][PASSED] - El usuario navega la pagina de inicio de sesion de mercadeo: El usuario navega la pagina de inicio de sesion de mercadeo

2022-11-25 15:50:30 - [MESSAGE][INFO] - Starting 'Chrome' driver

2022-11-25 15:50:30 - [MESSAGE][INFO] - Action delay is set to 0 milliseconds

2022-11-25 15:50:32 - [MESSAGE][PASSED] - Browser is opened with url: ''

2022-11-25 15:50:44 - [MESSAGE][PASSED] - Navigate to 'http://192.168.200.66:12000/#/login' successfully

2022-11-25 15:50:44 - [MESSAGE][PASSED] - El usuario navega la pagina de inicio de sesion de mercadeo

2022-11-25 15:50:44 - [TEST_STEP][PASSED] - ingresa usuario ldpappsl3 y contrasena r1vjgeft2cxJ7NAvIwi5jQ==: ingresa usuario ldpappsl3 y contrasena r1vjgeft2cxJ7NAvIwi5jQ==

2022-11-25 15:50:45 - [MESSAGE][PASSED] - Text 'ldpappsl3' is set on object 'Object Repository/Vtn_InicioSesion/txt_Username'

2022-11-25 15:50:46 - [MESSAGE][PASSED] - Text ****** has been set on object 'Object Repository/Vtn_InicioSesion/txt_Password'

2022-11-25 15:50:46 - [MESSAGE][PASSED] - ingresa usuario ldpappsl3 y contrasena r1vjgeft2cxJ7NAvIwi5jQ==

2022-11-25 15:50:46 - [TEST_STEP][PASSED] - Clic sobre el boton ingresar: Clic sobre el boton ingresar

2022-11-25 15:50:47 - [MESSAGE][PASSED] - Object: 'Object Repository/Vtn_InicioSesion/btn_Ingresar' is clicked on

2022-11-25 15:50:47 - [MESSAGE][PASSED] - Clic sobre el boton ingresar

2022-11-25 15:50:47 - [TEST_STEP][PASSED] - el sistema verifica el status: el sistema verifica el status

2022-11-25 15:50:47 - [MESSAGE][PASSED] - el sistema verifica el status

2022-11-25 15:50:47 - [MESSAGE][PASSED] - Feature file: 'Include/features/Login.feature' was passed

2022-11-25 15:50:47 - [TEST_STEP][PASSED] - runFeatureFile("Include/features/ConsultarAfiliado.feature"): Feature file: 'Include/features/ConsultarAfiliado.feature' was passed

2022-11-25 15:50:47 - [MESSAGE][INFO] - Starting run keyword runFeatureFile: 'Include/features/ConsultarAfiliado.feature' and extract report to folder: 'C:\Users\dimartinez\Katalon Studio\Mercadeo_BDD\Reports\20221125_155025\ConsultarAfiliado\20221125_155026/cucumber_report/1669409447521'...

2022-11-25 15:50:47 - [TEST_CASE][PASSED] - Start Test Case : SCENARIO Title of your scenario outline: SCENARIO Title of your scenario outline

2022-11-25 15:50:47 - [TEST_STEP][PASSED] - El usuario navega la pagina de consulta de Afiliado: El usuario navega la pagina de consulta de Afiliado

2022-11-25 15:50:47 - [MESSAGE][PASSED] - El usuario navega la pagina de consulta de Afiliado

2022-11-25 15:50:47 - [TEST_STEP][PASSED] - ingresa el numero de documento 1007740082: ingresa el numero de documento 1007740082

2022-11-25 15:50:50 - [MESSAGE][PASSED] - Text '1007740082' is set on object 'Object Repository/Vtn_ConsultarAfiliado/txt_NroDoc'

2022-11-25 15:50:50 - [MESSAGE][PASSED] - ingresa el numero de documento 1007740082

2022-11-25 15:50:50 - [TEST_STEP][PASSED] - clic sobre el boton buscarAfiliado: clic sobre el boton buscarAfiliado

2022-11-25 15:50:50 - [MESSAGE][PASSED] - Object: 'Object Repository/Vtn_ConsultarAfiliado/btn_BuscarAfiliado' is clicked on

2022-11-25 15:50:50 - [MESSAGE][PASSED] - clic sobre el boton buscarAfiliado

2022-11-25 15:50:50 - [TEST_STEP][PASSED] - el sistema muestra la información referente al afiliado: el sistema muestra la información referente al afiliado

2022-11-25 15:50:50 - [MESSAGE][PASSED] - el sistema muestra la información referente al afiliado

2022-11-25 15:50:50 - [MESSAGE][PASSED] - Feature file: 'Include/features/ConsultarAfiliado.feature' was passed]]></system-out>
         <system-err><![CDATA[]]></system-err>
      </testcase>
      <system-out><![CDATA[2022-11-25 15:50:28 - [TEST_SUITE][PASSED] - ConsultarAfiliado: Test Cases/TC_ConsultarAfiliado]]></system-out>
      <system-err><![CDATA[]]></system-err>
   </testsuite>
</testsuites>
