<?xml version="1.0" encoding="UTF-8"?>
<testsuites name="TestSuite1" time="17.469" tests="1" failures="0" errors="0">
   <testsuite name="TestSuite1" tests="1" failures="0" errors="0" time="17.469" skipped="0" timestamp="2022-11-22 09:08:08" hostname="dimartinez - ANA-DTI-DIM-BNT.mutualser.org" id="Test Suites/TestSuite1">
      <properties>
         <property name="deviceName" value=""/>
         <property name="devicePlatform" value=""/>
         <property name="logFolder" value="C:\\Users\\dimartinez\\Katalon Studio\\Mercadeo_BDD\\Reports\\20221122_090807\\TestSuite1\\20221122_090807"/>
         <property name="logFiles" value="C:\\Users\\dimartinez\\Katalon Studio\\Mercadeo_BDD\\Reports\\20221122_090807\\TestSuite1\\20221122_090807\\execution0.log"/>
         <property name="attachments" value=""/>
         <property name="hostName" value="dimartinez - ANA-DTI-DIM-BNT.mutualser.org"/>
         <property name="os" value="Windows 10 64bit"/>
         <property name="katalonVersion" value="8.5.2.208"/>
         <property name="browser" value="Chrome 107.0.0.0"/>
         <property name="hostAddress" value="192.168.1.46"/>
         <property name="sessionId" value="d27a9f5e9d4539af1d2820c502b8c3e6"/>
         <property name="seleniumVersion" value="3.141.59"/>
         <property name="proxyInformation" value="ProxyInformation { proxyOption=NO_PROXY, proxyServerType=HTTP, username=, password=********, proxyServerAddress=, proxyServerPort=0, executionList=&quot;&quot;, isApplyToDesiredCapabilities=true }"/>
         <property name="platform" value="Windows 10"/>
      </properties>
      <testcase name="Test Cases/RunFeatureFile" time="17.314" classname="Test Cases/RunFeatureFile" status="PASSED">
         <system-out><![CDATA[2022-11-22 09:08:09 - [TEST_CASE][PASSED] - Test Cases/RunFeatureFile: Test Cases/RunFeatureFile

2022-11-22 09:08:09 - [TEST_STEP][PASSED] - runFeatureFile("Include/features/Login.feature"): Feature file: 'Include/features/Login.feature' was passed

2022-11-22 09:08:09 - [MESSAGE][INFO] - Starting run keyword runFeatureFile: 'Include/features/Login.feature' and extract report to folder: 'C:\Users\dimartinez\Katalon Studio\Mercadeo_BDD\Reports\20221122_090807\TestSuite1\20221122_090807/cucumber_report/1669126089327'...

2022-11-22 09:08:09 - [TEST_CASE][PASSED] - Start Test Case : SCENARIO Validacion inicio sesion con credenciales correctas: SCENARIO Validacion inicio sesion con credenciales correctas

2022-11-22 09:08:09 - [TEST_STEP][PASSED] - El usuario navega la pagina de inicio de sesion de mercadeo: El usuario navega la pagina de inicio de sesion de mercadeo

2022-11-22 09:08:10 - [MESSAGE][INFO] - Starting 'Chrome' driver

2022-11-22 09:08:10 - [MESSAGE][INFO] - Action delay is set to 0 milliseconds

2022-11-22 09:08:12 - [MESSAGE][PASSED] - Browser is opened with url: ''

2022-11-22 09:08:24 - [MESSAGE][PASSED] - Navigate to 'http://192.168.200.66:12000/#/login' successfully

2022-11-22 09:08:24 - [MESSAGE][PASSED] - El usuario navega la pagina de inicio de sesion de mercadeo

2022-11-22 09:08:24 - [TEST_STEP][PASSED] - ingresa usuario ldpappsl3 y contrasena r1vjgeft2cxJ7NAvIwi5jQ==: ingresa usuario ldpappsl3 y contrasena r1vjgeft2cxJ7NAvIwi5jQ==

2022-11-22 09:08:25 - [MESSAGE][PASSED] - Text 'ldpappsl3' is set on object 'Object Repository/Page_Mutual-SER - Internal SPA/input_Usuario_user'

2022-11-22 09:08:25 - [MESSAGE][PASSED] - Text ****** has been set on object 'Object Repository/Page_Mutual-SER - Internal SPA/input_Contrasea_password'

2022-11-22 09:08:25 - [MESSAGE][PASSED] - ingresa usuario ldpappsl3 y contrasena r1vjgeft2cxJ7NAvIwi5jQ==

2022-11-22 09:08:25 - [TEST_STEP][PASSED] - Clic sobre el boton ingresar: Clic sobre el boton ingresar

2022-11-22 09:08:26 - [MESSAGE][PASSED] - Object: 'Object Repository/Page_Mutual-SER - Internal SPA/button_Ingresar' is clicked on

2022-11-22 09:08:26 - [MESSAGE][PASSED] - Clic sobre el boton ingresar

2022-11-22 09:08:26 - [TEST_STEP][PASSED] - el sistema verifica el status: el sistema verifica el status

2022-11-22 09:08:26 - [MESSAGE][PASSED] - el sistema verifica el status

2022-11-22 09:08:26 - [MESSAGE][PASSED] - Feature file: 'Include/features/Login.feature' was passed

2022-11-22 09:08:26 - [TEST_STEP][NOT_RUN] - runFeatureFolder("Include/features"): NOT_RUN: runFeatureFolder("Include/features")

2022-11-22 09:08:26 - [MESSAGE][NOT_RUN] - NOT_RUN: runFeatureFolder("Include/features")

2022-11-22 09:08:26 - [TEST_STEP][NOT_RUN] - runWithCucumberRunner(class): NOT_RUN: runWithCucumberRunner(class)

2022-11-22 09:08:26 - [MESSAGE][NOT_RUN] - NOT_RUN: runWithCucumberRunner(class)]]></system-out>
         <system-err><![CDATA[]]></system-err>
      </testcase>
      <system-out><![CDATA[2022-11-22 09:08:08 - [TEST_SUITE][PASSED] - TestSuite1: Test Cases/RunFeatureFile]]></system-out>
      <system-err><![CDATA[]]></system-err>
   </testsuite>
</testsuites>
