<?xml version="1.0" encoding="UTF-8"?>
<testsuites name="TS_ConsultarAfiliado" time="0.354" tests="1" failures="0" errors="0">
   <testsuite name="TS_ConsultarAfiliado" tests="1" failures="0" errors="0" time="0.354" skipped="0" timestamp="2022-11-29 15:01:34" hostname="dimartinez - ANA-DTI-DIM-BNT.mutualser.org" id="Test Suites/TS_ConsultarAfiliado">
      <properties>
         <property name="deviceName" value=""/>
         <property name="devicePlatform" value=""/>
         <property name="logFolder" value="C:\\Users\\dimartinez\\Katalon Studio\\Mercadeo_BDD\\Reports\\20221129_150108\\TS_ConsultarAfiliado\\20221129_150111"/>
         <property name="logFiles" value="C:\\Users\\dimartinez\\Katalon Studio\\Mercadeo_BDD\\Reports\\20221129_150108\\TS_ConsultarAfiliado\\20221129_150111\\execution0.log"/>
         <property name="attachments" value=""/>
         <property name="hostName" value="dimartinez - ANA-DTI-DIM-BNT.mutualser.org"/>
         <property name="hostAddress" value="192.168.1.46"/>
         <property name="os" value="Windows 10 64bit"/>
         <property name="katalonVersion" value="8.5.2.208"/>
      </properties>
      <testcase name="Test Cases/TC_ConsultarAfiliado" time="0.205" classname="Test Cases/TC_ConsultarAfiliado" status="PASSED">
         <system-out><![CDATA[2022-11-29 15:01:34 - [TEST_CASE][PASSED] - Test Cases/TC_ConsultarAfiliado: Test Cases/TC_ConsultarAfiliado

2022-11-29 15:01:34 - [TEST_STEP][NOT_RUN] - runFeatureFile("Include/features/Login.feature"): NOT_RUN: runFeatureFile("Include/features/Login.feature")

2022-11-29 15:01:34 - [MESSAGE][NOT_RUN] - NOT_RUN: runFeatureFile("Include/features/Login.feature")

2022-11-29 15:01:34 - [TEST_STEP][NOT_RUN] - runFeatureFile("Include/features/ConsultarAfiliado.feature"): NOT_RUN: runFeatureFile("Include/features/ConsultarAfiliado.feature")

2022-11-29 15:01:34 - [MESSAGE][NOT_RUN] - NOT_RUN: runFeatureFile("Include/features/ConsultarAfiliado.feature")]]></system-out>
         <system-err><![CDATA[]]></system-err>
      </testcase>
      <system-out><![CDATA[2022-11-29 15:01:34 - [TEST_SUITE][PASSED] - TS_ConsultarAfiliado: Test Cases/TC_ConsultarAfiliado]]></system-out>
      <system-err><![CDATA[]]></system-err>
   </testsuite>
</testsuites>
